<?xml version="1.0" encoding="UTF-8"?>
<testng-results ignored="0" total="1" passed="1" failed="0" skipped="0">
  <reporter-output>
  </reporter-output>
  <suite started-at="2025-09-01T07:52:59 IST" name="Default suite" finished-at="2025-09-01T07:53:34 IST" duration-ms="34763">
    <groups>
      <group name="cucumber">
        <method signature="AbstractTestNGCucumberTests.runScenario(io.cucumber.testng.PickleWrapper,io.cucumber.testng.FeatureWrapper)[pri:0, instance:Test_runner.TestRunner@7b4c50bc]" name="runScenario" class="io.cucumber.testng.AbstractTestNGCucumberTests"/>
      </group> <!-- cucumber -->
    </groups>
    <test started-at="2025-09-01T07:52:59 IST" name="Default test" finished-at="2025-09-01T07:53:34 IST" duration-ms="34763">
      <class name="Test_runner.TestRunner">
        <test-method is-config="true" signature="setUpClass(org.testng.ITestContext)[pri:0, instance:Test_runner.TestRunner@7b4c50bc]" started-at="2025-09-01T07:52:59 IST" name="setUpClass" finished-at="2025-09-01T07:53:01 IST" duration-ms="1896" status="PASS">
          <params>
            <param index="0">
              <value>
                <![CDATA[org.testng.TestRunner@f9b8129]]>
              </value>
            </param>
          </params>
          <reporter-output>
          </reporter-output>
        </test-method> <!-- setUpClass -->
        <test-method signature="runScenario(io.cucumber.testng.PickleWrapper,io.cucumber.testng.FeatureWrapper)[pri:0, instance:Test_runner.TestRunner@7b4c50bc]" started-at="2025-09-01T07:53:01 IST" name="runScenario" description="Runs Cucumber Scenarios" data-provider="scenarios" finished-at="2025-09-01T07:53:33 IST" duration-ms="31487" status="PASS">
          <params>
            <param index="0">
              <value>
                <![CDATA["Login with valid credentials"]]>
              </value>
            </param>
            <param index="1">
              <value>
                <![CDATA["login functionality"]]>
              </value>
            </param>
          </params>
          <reporter-output>
          </reporter-output>
        </test-method> <!-- runScenario -->
        <test-method is-config="true" signature="tearDownClass()[pri:0, instance:Test_runner.TestRunner@7b4c50bc]" started-at="2025-09-01T07:53:33 IST" name="tearDownClass" finished-at="2025-09-01T07:53:34 IST" duration-ms="1267" status="PASS">
          <reporter-output>
          </reporter-output>
        </test-method> <!-- tearDownClass -->
      </class> <!-- Test_runner.TestRunner -->
    </test> <!-- Default test -->
  </suite> <!-- Default suite -->
</testng-results>
